<?xml version="1.0" encoding="UTF-8"?>
<!-- Generated by org.testng.reporters.JUnitXMLReporter -->
<testsuite ignored="0" hostname="MKG-JAGGU" failures="0" tests="4" name="Test" time="89.999" errors="0" timestamp="2020-04-27T02:11:31 IST">
  <testcase classname="satz.test" name="pagenavigation" time="29.743"/>
  <testcase classname="satz.test" name="pagenavigation" time="26.756"/>
  <testcase classname="satz.textvalidation" name="checktitle" time="0.169"/>
  <testcase classname="satz.navigationbar" name="checknavigationbar" time="0.506"/>
</testsuite> <!-- Test -->
