<?xml version="1.0" encoding="UTF-8"?>
<testsuite xmlns:xsi="http://www.w3.org/2001/XMLSchema-instance" xsi:noNamespaceSchemaLocation="https://maven.apache.org/surefire/maven-surefire-plugin/xsd/surefire-test-report-3.0.xsd" version="3.0" name="TestSuite" time="108.462" tests="5" errors="0" skipped="0" failures="0">
  <properties>
[...]
</properties>
  <testcase name="pagenavigation" classname="satz.test" time="47.68"/>
  <testcase name="pagenavigation" classname="satz.test" time="35.49"/>
  <testcase name="checkheader" classname="satz.textvalidation" time="0.556"/>
  <testcase name="checktitle" classname="satz.textvalidation" time="0.105"/>
  <testcase name="checknavigationbar" classname="satz.navigationbar" time="0.273"/>
</testsuite>